[2020-03-02T22:24:53.996] [DEBUG] cheese - login => username:zs,password:123456
[2020-03-02T22:24:53.997] [DEBUG] cheese - zs
[2020-03-02T22:24:54.030] [DEBUG] cheese - null
[2020-03-02T22:24:54.031] [DEBUG] cheese - null
[2020-03-02T22:25:59.559] [DEBUG] cheese - login => username:admin,password:123456
[2020-03-02T22:25:59.559] [DEBUG] cheese - admin
[2020-03-02T22:25:59.568] [DEBUG] cheese - null
[2020-03-02T22:25:59.568] [DEBUG] cheese - null
[2020-03-03T23:04:22.534] [DEBUG] cheese - login => username:111,password:111111
[2020-03-03T23:04:22.535] [DEBUG] cheese - 111
[2020-03-03T23:04:22.697] [DEBUG] cheese - null
[2020-03-03T23:04:22.697] [DEBUG] cheese - null
[2020-03-03T23:05:25.044] [DEBUG] cheese - login => username:1111,password:111111
[2020-03-03T23:05:25.044] [DEBUG] cheese - 1111
[2020-03-03T23:05:25.047] [DEBUG] cheese - null
[2020-03-03T23:05:25.047] [DEBUG] cheese - null
[2020-03-03T23:08:58.211] [DEBUG] cheese - login => username:111,password:111111
[2020-03-03T23:08:58.211] [DEBUG] cheese - 111
[2020-03-03T23:08:58.214] [DEBUG] cheese - null
[2020-03-03T23:08:58.214] [DEBUG] cheese - null
[2020-03-03T23:08:59.641] [DEBUG] cheese - login => username:111,password:111111
[2020-03-03T23:08:59.641] [DEBUG] cheese - 111
[2020-03-03T23:08:59.645] [DEBUG] cheese - null
[2020-03-03T23:08:59.645] [DEBUG] cheese - null
[2020-03-03T23:10:20.088] [DEBUG] cheese - login => username:111,password:111111
[2020-03-03T23:10:20.088] [DEBUG] cheese - 111
[2020-03-03T23:10:20.090] [DEBUG] cheese - null
[2020-03-03T23:10:20.090] [DEBUG] cheese - null
[2020-03-03T23:22:16.226] [DEBUG] cheese - login => username:222,password:222222
[2020-03-03T23:22:16.226] [DEBUG] cheese - 222
[2020-03-03T23:22:16.268] [DEBUG] cheese - null
[2020-03-03T23:22:16.268] [DEBUG] cheese - null
[2020-03-03T23:22:16.548] [DEBUG] cheese - login => username:222,password:222222
[2020-03-03T23:22:16.548] [DEBUG] cheese - 222
[2020-03-03T23:22:16.550] [DEBUG] cheese - null
[2020-03-03T23:22:16.551] [DEBUG] cheese - null
[2020-03-03T23:22:16.763] [DEBUG] cheese - login => username:222,password:222222
[2020-03-03T23:22:16.763] [DEBUG] cheese - 222
[2020-03-03T23:22:16.766] [DEBUG] cheese - null
[2020-03-03T23:22:16.766] [DEBUG] cheese - null
[2020-03-03T23:22:16.958] [DEBUG] cheese - login => username:222,password:222222
[2020-03-03T23:22:16.958] [DEBUG] cheese - 222
[2020-03-03T23:22:16.960] [DEBUG] cheese - null
[2020-03-03T23:22:16.960] [DEBUG] cheese - null
[2020-03-03T23:22:17.432] [DEBUG] cheese - login => username:222,password:222222
[2020-03-03T23:22:17.433] [DEBUG] cheese - 222
[2020-03-03T23:22:17.435] [DEBUG] cheese - null
[2020-03-03T23:22:17.435] [DEBUG] cheese - null
[2020-03-03T23:22:17.633] [DEBUG] cheese - login => username:222,password:222222
[2020-03-03T23:22:17.633] [DEBUG] cheese - 222
[2020-03-03T23:22:17.640] [DEBUG] cheese - null
[2020-03-03T23:22:17.641] [DEBUG] cheese - null
[2020-03-03T23:22:43.534] [DEBUG] cheese - login => username:222,password:222222
[2020-03-03T23:22:43.534] [DEBUG] cheese - 222
[2020-03-03T23:22:43.536] [DEBUG] cheese - null
[2020-03-03T23:22:43.536] [DEBUG] cheese - null
[2020-03-03T23:22:43.716] [DEBUG] cheese - login => username:222,password:222222
[2020-03-03T23:22:43.717] [DEBUG] cheese - 222
[2020-03-03T23:22:43.719] [DEBUG] cheese - null
[2020-03-03T23:22:43.719] [DEBUG] cheese - null
[2020-03-03T23:22:43.959] [DEBUG] cheese - login => username:222,password:222222
[2020-03-03T23:22:43.960] [DEBUG] cheese - 222
[2020-03-03T23:22:43.967] [DEBUG] cheese - null
[2020-03-03T23:22:43.967] [DEBUG] cheese - null
[2020-03-03T23:22:44.874] [DEBUG] cheese - login => username:222,password:222222
[2020-03-03T23:22:44.874] [DEBUG] cheese - 222
[2020-03-03T23:22:44.877] [DEBUG] cheese - null
[2020-03-03T23:22:44.877] [DEBUG] cheese - null
[2020-03-03T23:22:45.067] [DEBUG] cheese - login => username:222,password:222222
[2020-03-03T23:22:45.067] [DEBUG] cheese - 222
[2020-03-03T23:22:45.070] [DEBUG] cheese - null
[2020-03-03T23:22:45.070] [DEBUG] cheese - null
[2020-03-03T23:22:56.266] [DEBUG] cheese - login => username:admin,password:123456
[2020-03-03T23:22:56.266] [DEBUG] cheese - admin
[2020-03-03T23:22:56.279] [DEBUG] cheese - null
[2020-03-03T23:22:56.279] [DEBUG] cheese - null
[2020-03-03T23:25:34.883] [DEBUG] cheese - login => username:admin,password:123456
[2020-03-03T23:25:34.883] [DEBUG] cheese - admin
[2020-03-03T23:25:34.886] [DEBUG] cheese - null
[2020-03-03T23:25:34.886] [DEBUG] cheese - null
[2020-03-03T23:27:54.776] [DEBUG] cheese - login => username:admin,password:123456
[2020-03-03T23:27:54.776] [DEBUG] cheese - admin
[2020-03-03T23:27:54.779] [DEBUG] cheese - null
[2020-03-03T23:27:54.779] [DEBUG] cheese - null
[2020-03-03T23:30:11.655] [DEBUG] cheese - login => username:admin,password:123456
[2020-03-03T23:30:11.655] [DEBUG] cheese - admin
[2020-03-03T23:30:11.658] [DEBUG] cheese - null
[2020-03-03T23:30:11.658] [DEBUG] cheese - null
[2020-03-03T23:30:30.896] [DEBUG] cheese - login => username:admin,password:123456
[2020-03-03T23:30:30.896] [DEBUG] cheese - admin
[2020-03-03T23:30:30.899] [DEBUG] cheese - null
[2020-03-03T23:30:30.899] [DEBUG] cheese - null
[2020-03-03T23:30:35.167] [DEBUG] cheese - login => username:admin,password:123456
[2020-03-03T23:30:35.167] [DEBUG] cheese - admin
[2020-03-03T23:30:35.172] [DEBUG] cheese - null
[2020-03-03T23:30:35.172] [DEBUG] cheese - null
[2020-03-03T23:30:45.729] [DEBUG] cheese - login => username:admin,password:123456
[2020-03-03T23:30:45.729] [DEBUG] cheese - admin
[2020-03-03T23:30:45.733] [DEBUG] cheese - null
[2020-03-03T23:30:45.733] [DEBUG] cheese - null
[2020-03-03T23:31:14.832] [DEBUG] cheese - login => username:admin,password:123456
[2020-03-03T23:31:14.832] [DEBUG] cheese - admin
[2020-03-03T23:31:14.835] [DEBUG] cheese - null
[2020-03-03T23:31:14.835] [DEBUG] cheese - null
[2020-03-03T23:32:53.662] [DEBUG] cheese - login => username:admin,password:123456
[2020-03-03T23:32:53.662] [DEBUG] cheese - admin
[2020-03-03T23:32:53.664] [DEBUG] cheese - null
[2020-03-03T23:32:53.664] [DEBUG] cheese - null
[2020-03-03T23:40:11.831] [DEBUG] cheese - login => username:admin,password:123456
[2020-03-03T23:40:11.831] [DEBUG] cheese - admin
[2020-03-03T23:40:11.834] [DEBUG] cheese - null
[2020-03-03T23:40:11.835] [DEBUG] cheese - null
[2020-03-03T23:40:40.449] [DEBUG] cheese - login => username:admin,password:123456
[2020-03-03T23:40:40.449] [DEBUG] cheese - admin
[2020-03-03T23:40:40.452] [DEBUG] cheese - null
[2020-03-03T23:40:40.452] [DEBUG] cheese - null
[2020-03-03T23:41:15.858] [DEBUG] cheese - login => username:admin,password:123456
[2020-03-03T23:41:15.858] [DEBUG] cheese - admin
[2020-03-03T23:41:15.863] [DEBUG] cheese - null
[2020-03-03T23:41:15.863] [DEBUG] cheese - null
[2020-03-03T23:41:41.738] [DEBUG] cheese - login => username:admin,password:123456
[2020-03-03T23:41:41.739] [DEBUG] cheese - admin
[2020-03-03T23:41:41.742] [DEBUG] cheese - null
[2020-03-03T23:41:41.743] [DEBUG] cheese - null
[2020-03-03T23:41:51.027] [DEBUG] cheese - login => username:admin,password:123456
[2020-03-03T23:41:51.028] [DEBUG] cheese - admin
[2020-03-03T23:41:51.031] [DEBUG] cheese - null
[2020-03-03T23:41:51.031] [DEBUG] cheese - null
[2020-03-03T23:44:04.593] [DEBUG] cheese - login => username:admin,password:123456
[2020-03-03T23:44:04.593] [DEBUG] cheese - admin
[2020-03-03T23:44:04.596] [DEBUG] cheese - null
[2020-03-03T23:44:04.596] [DEBUG] cheese - null
[2020-03-03T23:47:58.527] [DEBUG] cheese - login => username:admin,password:123456
[2020-03-03T23:47:58.527] [DEBUG] cheese - admin
[2020-03-03T23:47:58.531] [DEBUG] cheese - null
[2020-03-03T23:47:58.531] [DEBUG] cheese - null
[2020-03-03T23:48:03.618] [DEBUG] cheese - login => username:admin,password:123456
[2020-03-03T23:48:03.618] [DEBUG] cheese - admin
[2020-03-03T23:48:03.621] [DEBUG] cheese - null
[2020-03-03T23:48:03.621] [DEBUG] cheese - null
[2020-03-03T23:49:01.172] [DEBUG] cheese - login => username:admin,password:123456
[2020-03-03T23:49:01.172] [DEBUG] cheese - admin
[2020-03-03T23:49:01.176] [DEBUG] cheese - null
[2020-03-03T23:49:01.176] [DEBUG] cheese - null
[2020-03-03T23:49:44.232] [DEBUG] cheese - login => username:admin,password:123456
[2020-03-03T23:49:44.232] [DEBUG] cheese - admin
[2020-03-03T23:49:44.235] [DEBUG] cheese - null
[2020-03-03T23:49:44.235] [DEBUG] cheese - null
[2020-03-05T20:18:27.137] [DEBUG] cheese - login => username:admin,password:123456
[2020-03-05T20:18:27.139] [DEBUG] cheese - admin
[2020-03-05T20:18:27.265] [DEBUG] cheese - null
[2020-03-05T20:18:27.266] [DEBUG] cheese - null
[2020-03-05T20:26:34.037] [DEBUG] cheese - login => username:admin,password:123456
[2020-03-05T20:26:34.037] [DEBUG] cheese - admin
[2020-03-05T20:26:34.041] [DEBUG] cheese - null
[2020-03-05T20:26:34.041] [DEBUG] cheese - null
[2020-03-05T21:04:47.125] [DEBUG] cheese - login => username:admin,password:123456
[2020-03-05T21:04:47.125] [DEBUG] cheese - admin
[2020-03-05T21:04:47.137] [DEBUG] cheese - null
[2020-03-05T21:04:47.137] [DEBUG] cheese - null
[2020-03-07T12:32:09.748] [DEBUG] cheese - login => username:admin,password:123456
[2020-03-07T12:32:09.750] [DEBUG] cheese - admin
[2020-03-07T12:32:09.807] [DEBUG] cheese - null
[2020-03-07T12:32:09.807] [DEBUG] cheese - null
[2020-03-07T12:32:19.442] [DEBUG] cheese - login => username:admin,password:123456
[2020-03-07T12:32:19.442] [DEBUG] cheese - admin
[2020-03-07T12:32:19.448] [DEBUG] cheese - null
[2020-03-07T12:32:19.448] [DEBUG] cheese - null
[2020-03-07T12:47:59.622] [DEBUG] cheese - login => username:admin,password:123456
[2020-03-07T12:47:59.622] [DEBUG] cheese - admin
[2020-03-07T12:47:59.626] [DEBUG] cheese - null
[2020-03-07T12:47:59.626] [DEBUG] cheese - null
[2020-03-07T12:48:50.095] [DEBUG] cheese - login => username:admin,password:123456
[2020-03-07T12:48:50.096] [DEBUG] cheese - admin
[2020-03-07T12:48:50.100] [DEBUG] cheese - null
[2020-03-07T12:48:50.100] [DEBUG] cheese - null
[2020-03-07T12:51:41.478] [DEBUG] cheese - login => username:admin,password:123456
[2020-03-07T12:51:41.478] [DEBUG] cheese - admin
[2020-03-07T12:51:41.481] [DEBUG] cheese - null
[2020-03-07T12:51:41.481] [DEBUG] cheese - null
[2020-03-07T13:20:58.834] [DEBUG] cheese - login => username:admin,password:123456
[2020-03-07T13:20:58.834] [DEBUG] cheese - admin
[2020-03-07T13:20:58.840] [DEBUG] cheese - null
[2020-03-07T13:20:58.841] [DEBUG] cheese - null
[2020-03-07T13:21:44.365] [DEBUG] cheese - login => username:admin,password:123456
[2020-03-07T13:21:44.365] [DEBUG] cheese - admin
[2020-03-07T13:21:44.368] [DEBUG] cheese - null
[2020-03-07T13:21:44.368] [DEBUG] cheese - null
[2020-03-07T13:57:08.614] [DEBUG] cheese - login => username:admin,password:123456
[2020-03-07T13:57:08.614] [DEBUG] cheese - admin
[2020-03-07T13:57:08.619] [DEBUG] cheese - null
[2020-03-07T13:57:08.619] [DEBUG] cheese - null
[2020-03-07T17:37:41.280] [DEBUG] cheese - login => username:admin,password:123456
[2020-03-07T17:37:41.282] [DEBUG] cheese - admin
[2020-03-07T17:37:41.295] [DEBUG] cheese - null
[2020-03-07T17:37:41.295] [DEBUG] cheese - null
[2020-03-07T17:39:48.931] [DEBUG] cheese - login => username:admin,password:123456
[2020-03-07T17:39:48.931] [DEBUG] cheese - admin
[2020-03-07T17:39:48.935] [DEBUG] cheese - null
[2020-03-07T17:39:48.935] [DEBUG] cheese - null
[2020-03-07T19:10:54.727] [DEBUG] cheese - login => username:admin,password:123456
[2020-03-07T19:10:54.729] [DEBUG] cheese - admin
[2020-03-07T19:10:54.836] [DEBUG] cheese - null
[2020-03-07T19:10:54.836] [DEBUG] cheese - null
[2020-03-08T12:13:24.967] [DEBUG] cheese - login => username:admin,password:123456
[2020-03-08T12:13:24.968] [DEBUG] cheese - admin
[2020-03-08T12:13:25.040] [DEBUG] cheese - null
[2020-03-08T12:13:25.040] [DEBUG] cheese - null
[2020-03-08T12:22:41.743] [DEBUG] cheese - login => username:admin,password:123456
[2020-03-08T12:22:41.743] [DEBUG] cheese - admin
[2020-03-08T12:22:41.750] [DEBUG] cheese - null
[2020-03-08T12:22:41.750] [DEBUG] cheese - null
[2020-03-08T16:21:19.933] [DEBUG] cheese - null
[2020-03-08T16:27:03.553] [DEBUG] cheese - null
[2020-03-08T16:27:12.035] [DEBUG] cheese - null
[2020-03-08T16:28:34.880] [DEBUG] cheese - null
[2020-03-08T16:30:11.164] [DEBUG] cheese - null
[2020-03-08T16:30:14.512] [DEBUG] cheese - null
[2020-03-08T16:30:21.596] [DEBUG] cheese - null
[2020-03-08T21:19:02.860] [DEBUG] cheese - login => username:admin,password:123456
[2020-03-08T21:19:02.860] [DEBUG] cheese - admin
[2020-03-08T21:19:02.888] [DEBUG] cheese - null
[2020-03-08T21:19:02.889] [DEBUG] cheese - null
[2020-03-10T20:45:10.722] [DEBUG] cheese - login => username:admin,password:123456
[2020-03-10T20:45:10.724] [DEBUG] cheese - admin
[2020-03-10T20:45:10.882] [DEBUG] cheese - null
[2020-03-10T20:45:10.882] [DEBUG] cheese - null
[2020-03-12T20:40:05.232] [DEBUG] cheese - login => username:admin,password:123456
[2020-03-12T20:40:05.233] [DEBUG] cheese - admin
[2020-03-12T20:40:05.270] [DEBUG] cheese - null
[2020-03-12T20:40:05.270] [DEBUG] cheese - null
[2020-03-12T23:30:51.762] [DEBUG] cheese - login => username:admin,password:123456
[2020-03-12T23:30:51.762] [DEBUG] cheese - admin
[2020-03-12T23:30:51.934] [DEBUG] cheese - null
[2020-03-12T23:30:51.936] [DEBUG] cheese - null
[2020-03-13T23:31:47.654] [DEBUG] cheese - login => username:admin,password:123456
[2020-03-13T23:31:47.655] [DEBUG] cheese - admin
[2020-03-13T23:31:47.666] [DEBUG] cheese - null
[2020-03-13T23:31:47.667] [DEBUG] cheese - null
[2020-03-15T13:17:00.823] [DEBUG] cheese - login => username:admin,password:123456
[2020-03-15T13:17:00.824] [DEBUG] cheese - admin
[2020-03-15T13:17:00.940] [DEBUG] cheese - null
[2020-03-15T13:17:00.940] [DEBUG] cheese - null
[2020-03-15T16:34:02.294] [DEBUG] cheese - login => username:admin,password:123456
[2020-03-15T16:34:02.296] [DEBUG] cheese - admin
[2020-03-15T16:34:02.356] [DEBUG] cheese - null
[2020-03-15T16:34:02.357] [DEBUG] cheese - null
[2020-03-16T20:47:23.187] [DEBUG] cheese - login => username:admin,password:123456
[2020-03-16T20:47:23.188] [DEBUG] cheese - admin
[2020-03-16T20:47:23.234] [DEBUG] cheese - null
[2020-03-16T20:47:23.235] [DEBUG] cheese - null
[2020-03-17T20:43:19.402] [DEBUG] cheese - login => username:admin,password:123456
[2020-03-17T20:43:19.403] [DEBUG] cheese - admin
[2020-03-17T20:43:19.447] [DEBUG] cheese - null
[2020-03-17T20:43:19.447] [DEBUG] cheese - null
[2020-03-18T00:19:13.434] [DEBUG] cheese - null
[2020-03-18T00:19:51.992] [DEBUG] cheese - null
[2020-03-18T20:20:47.816] [DEBUG] cheese - login => username:admin,password:123456
[2020-03-18T20:20:47.817] [DEBUG] cheese - admin
[2020-03-18T20:20:47.826] [DEBUG] cheese - login => username:admin,password:123456
[2020-03-18T20:20:47.827] [DEBUG] cheese - admin
[2020-03-18T20:20:47.830] [DEBUG] cheese - login => username:admin,password:123456
[2020-03-18T20:20:47.830] [DEBUG] cheese - admin
[2020-03-18T20:20:47.833] [DEBUG] cheese - login => username:admin,password:123456
[2020-03-18T20:20:47.833] [DEBUG] cheese - admin
[2020-03-18T20:20:47.839] [DEBUG] cheese - login => username:admin,password:123456
[2020-03-18T20:20:47.839] [DEBUG] cheese - admin
[2020-03-18T20:20:47.841] [DEBUG] cheese - login => username:admin,password:123456
[2020-03-18T20:20:47.841] [DEBUG] cheese - admin
[2020-03-18T20:20:47.944] [DEBUG] cheese - null
[2020-03-18T20:20:47.944] [DEBUG] cheese - null
[2020-03-18T20:20:48.066] [DEBUG] cheese - null
[2020-03-18T20:20:48.066] [DEBUG] cheese - null
[2020-03-18T20:20:48.201] [DEBUG] cheese - null
[2020-03-18T20:20:48.201] [DEBUG] cheese - null
[2020-03-18T20:20:48.316] [DEBUG] cheese - null
[2020-03-18T20:20:48.316] [DEBUG] cheese - null
[2020-03-18T20:20:48.448] [DEBUG] cheese - null
[2020-03-18T20:20:48.448] [DEBUG] cheese - null
[2020-03-18T20:20:48.570] [DEBUG] cheese - null
[2020-03-18T20:20:48.571] [DEBUG] cheese - null
[2020-03-18T20:20:48.682] [DEBUG] cheese - login => username:admin,password:123456
[2020-03-18T20:20:48.682] [DEBUG] cheese - admin
[2020-03-18T20:20:48.697] [DEBUG] cheese - null
[2020-03-18T20:20:48.697] [DEBUG] cheese - null
[2020-03-21T13:01:40.072] [DEBUG] cheese - login => username:admin,password:123456
[2020-03-21T13:01:40.073] [DEBUG] cheese - admin
[2020-03-21T13:01:40.122] [DEBUG] cheese - null
[2020-03-21T13:01:40.123] [DEBUG] cheese - null
[2020-03-22T14:37:53.201] [DEBUG] cheese - login => username:admin,password:123456
[2020-03-22T14:37:53.202] [DEBUG] cheese - admin
[2020-03-22T14:37:53.247] [DEBUG] cheese - null
[2020-03-22T14:37:53.247] [DEBUG] cheese - null
[2020-03-22T14:55:53.792] [DEBUG] cheese - login => username:admin,password:123456
[2020-03-22T14:55:53.792] [DEBUG] cheese - admin
[2020-03-22T14:55:53.799] [DEBUG] cheese - null
[2020-03-22T14:55:53.799] [DEBUG] cheese - null
[2020-03-22T17:29:09.125] [DEBUG] cheese - login => username:admin,password:123456
[2020-03-22T17:29:09.126] [DEBUG] cheese - admin
[2020-03-22T17:29:09.133] [DEBUG] cheese - null
[2020-03-22T17:29:09.133] [DEBUG] cheese - null
[2020-03-22T18:51:48.261] [DEBUG] cheese - login => username:admin,password:123456
[2020-03-22T18:51:48.265] [DEBUG] cheese - admin
[2020-03-22T18:51:48.283] [DEBUG] cheese - null
[2020-03-22T18:51:48.284] [DEBUG] cheese - null
[2020-05-11T23:21:33.017] [DEBUG] cheese - login => username:admin,password:123456
[2020-05-11T23:21:33.017] [DEBUG] cheese - admin
[2020-05-11T23:21:33.154] [DEBUG] cheese - null
[2020-05-11T23:21:33.154] [DEBUG] cheese - null
[2020-05-12T21:35:41.585] [DEBUG] cheese - login => username:admin,password:123456
[2020-05-12T21:35:41.586] [DEBUG] cheese - admin
[2020-05-12T21:35:41.625] [DEBUG] cheese - null
[2020-05-12T21:35:41.625] [DEBUG] cheese - null
[2020-05-12T22:20:41.229] [DEBUG] cheese - login => username:admin,password:123456
[2020-05-12T22:20:41.242] [DEBUG] cheese - admin
[2020-05-12T22:20:41.254] [DEBUG] cheese - null
[2020-05-12T22:20:41.255] [DEBUG] cheese - null
[2020-07-25T21:04:53.184] [DEBUG] cheese - login => username:admin,password:123456
[2020-07-25T21:04:53.185] [DEBUG] cheese - admin
[2020-07-25T21:04:53.265] [DEBUG] cheese - null
[2020-07-25T21:04:53.265] [DEBUG] cheese - null
[2020-08-02T22:33:46.490] [DEBUG] cheese - login => username:11,password:11aaa
[2020-08-02T22:33:46.492] [DEBUG] cheese - 11
[2020-08-02T22:33:46.556] [DEBUG] cheese - null
[2020-08-02T22:33:46.556] [DEBUG] cheese - null
[2020-08-02T22:36:20.205] [DEBUG] cheese - login => username:qqq,password:qq
[2020-08-02T22:36:20.206] [DEBUG] cheese - qqq
[2020-08-02T22:36:20.220] [DEBUG] cheese - null
[2020-08-02T22:36:20.220] [DEBUG] cheese - null
[2020-08-02T22:36:26.834] [DEBUG] cheese - login => username:qqq,password:qq
[2020-08-02T22:36:26.834] [DEBUG] cheese - qqq
[2020-08-02T22:36:26.845] [DEBUG] cheese - null
[2020-08-02T22:36:26.846] [DEBUG] cheese - null
[2020-08-02T22:36:43.546] [DEBUG] cheese - login => username:qqq,password:qq
[2020-08-02T22:36:43.546] [DEBUG] cheese - qqq
[2020-08-02T22:36:43.551] [DEBUG] cheese - null
[2020-08-02T22:36:43.551] [DEBUG] cheese - null
[2020-08-02T22:37:16.514] [DEBUG] cheese - login => username:admin,password:111111
[2020-08-02T22:37:16.514] [DEBUG] cheese - admin
[2020-08-02T22:37:16.524] [DEBUG] cheese - null
[2020-08-02T22:37:16.524] [DEBUG] cheese - null
[2020-08-02T22:37:23.424] [DEBUG] cheese - login => username:admin,password:admin
[2020-08-02T22:37:23.424] [DEBUG] cheese - admin
[2020-08-02T22:37:23.432] [DEBUG] cheese - null
[2020-08-02T22:37:23.432] [DEBUG] cheese - null
[2020-08-02T22:38:39.907] [DEBUG] cheese - login => username:admin,password:123456+
[2020-08-02T22:38:39.908] [DEBUG] cheese - admin
[2020-08-02T22:38:39.921] [DEBUG] cheese - null
[2020-08-02T22:38:39.921] [DEBUG] cheese - null
[2020-08-02T22:38:48.243] [DEBUG] cheese - login => username:admin,password:123456
[2020-08-02T22:38:48.243] [DEBUG] cheese - admin
[2020-08-02T22:38:48.257] [DEBUG] cheese - null
[2020-08-02T22:38:48.257] [DEBUG] cheese - null
[2020-08-03T21:19:51.301] [DEBUG] cheese - login => username:admin,password:123456
[2020-08-03T21:19:51.302] [DEBUG] cheese - admin
[2020-08-03T21:19:51.397] [DEBUG] cheese - null
[2020-08-03T21:19:51.397] [DEBUG] cheese - null
[2020-08-03T21:21:45.813] [DEBUG] cheese - login => username:admin,password:123456
[2020-08-03T21:21:45.813] [DEBUG] cheese - admin
[2020-08-03T21:21:45.818] [DEBUG] cheese - null
[2020-08-03T21:21:45.818] [DEBUG] cheese - null
[2020-08-03T21:23:28.370] [DEBUG] cheese - login => username:admin,password:123456
[2020-08-03T21:23:28.370] [DEBUG] cheese - admin
[2020-08-03T21:23:28.376] [DEBUG] cheese - null
[2020-08-03T21:23:28.376] [DEBUG] cheese - null
[2020-08-03T21:23:54.445] [DEBUG] cheese - login => username:admin,password:123456
[2020-08-03T21:23:54.445] [DEBUG] cheese - admin
[2020-08-03T21:23:54.451] [DEBUG] cheese - null
[2020-08-03T21:23:54.451] [DEBUG] cheese - null
[2020-08-03T21:24:21.206] [DEBUG] cheese - login => username:admin,password:123456
[2020-08-03T21:24:21.206] [DEBUG] cheese - admin
[2020-08-03T21:24:21.211] [DEBUG] cheese - null
[2020-08-03T21:24:21.211] [DEBUG] cheese - null
[2020-08-03T21:24:53.919] [DEBUG] cheese - login => username:admin,password:123456
[2020-08-03T21:24:53.919] [DEBUG] cheese - admin
[2020-08-03T21:24:53.924] [DEBUG] cheese - null
[2020-08-03T21:24:53.924] [DEBUG] cheese - null
[2020-08-03T21:26:22.459] [DEBUG] cheese - login => username:admin,password:123456
[2020-08-03T21:26:22.460] [DEBUG] cheese - admin
[2020-08-03T21:26:22.464] [DEBUG] cheese - null
[2020-08-03T21:26:22.464] [DEBUG] cheese - null
[2020-08-03T21:26:27.745] [DEBUG] cheese - login => username:admin,password:123456
[2020-08-03T21:26:27.745] [DEBUG] cheese - admin
[2020-08-03T21:26:27.748] [DEBUG] cheese - null
[2020-08-03T21:26:27.748] [DEBUG] cheese - null
[2020-08-03T21:29:19.459] [DEBUG] cheese - login => username:admin,password:qqqqq
[2020-08-03T21:29:19.459] [DEBUG] cheese - admin
[2020-08-03T21:29:19.465] [DEBUG] cheese - null
[2020-08-03T21:29:19.465] [DEBUG] cheese - null
[2020-08-03T21:29:20.256] [DEBUG] cheese - login => username:admin,password:qqqqq
[2020-08-03T21:29:20.256] [DEBUG] cheese - admin
[2020-08-03T21:29:20.269] [DEBUG] cheese - null
[2020-08-03T21:29:20.269] [DEBUG] cheese - null
[2020-08-03T21:29:48.882] [DEBUG] cheese - login => username:admin,password:123456
[2020-08-03T21:29:48.882] [DEBUG] cheese - admin
[2020-08-03T21:29:48.894] [DEBUG] cheese - null
[2020-08-03T21:29:48.894] [DEBUG] cheese - null
[2020-08-03T21:30:11.407] [DEBUG] cheese - login => username:admin,password:123456
[2020-08-03T21:30:11.407] [DEBUG] cheese - admin
[2020-08-03T21:30:11.415] [DEBUG] cheese - null
[2020-08-03T21:30:11.415] [DEBUG] cheese - null
[2020-08-03T21:30:14.640] [DEBUG] cheese - login => username:admin,password:ee
[2020-08-03T21:30:14.640] [DEBUG] cheese - admin
[2020-08-03T21:30:14.647] [DEBUG] cheese - null
[2020-08-03T21:30:14.647] [DEBUG] cheese - null
[2020-08-03T21:32:19.788] [DEBUG] cheese - login => username:admin,password:111
[2020-08-03T21:32:19.788] [DEBUG] cheese - admin
[2020-08-03T21:32:19.791] [DEBUG] cheese - null
[2020-08-03T21:32:19.791] [DEBUG] cheese - null
[2020-08-03T21:32:25.527] [DEBUG] cheese - login => username:admin,password:123456
[2020-08-03T21:32:25.527] [DEBUG] cheese - admin
[2020-08-03T21:32:25.530] [DEBUG] cheese - null
[2020-08-03T21:32:25.530] [DEBUG] cheese - null
[2020-08-03T21:41:06.484] [DEBUG] cheese - login => username:admin,password:qq
[2020-08-03T21:41:06.484] [DEBUG] cheese - admin
[2020-08-03T21:41:06.495] [DEBUG] cheese - null
[2020-08-03T21:41:06.496] [DEBUG] cheese - null
[2020-08-03T21:42:06.386] [DEBUG] cheese - login => username:admin,password:QQQ
[2020-08-03T21:42:06.386] [DEBUG] cheese - admin
[2020-08-03T21:42:06.394] [DEBUG] cheese - null
[2020-08-03T21:42:06.394] [DEBUG] cheese - null
[2020-08-03T21:55:44.335] [DEBUG] cheese - login => username:admin,password:1
[2020-08-03T21:55:44.335] [DEBUG] cheese - admin
[2020-08-03T21:55:44.338] [DEBUG] cheese - null
[2020-08-03T21:55:44.339] [DEBUG] cheese - null
[2020-08-03T21:55:55.964] [DEBUG] cheese - login => username:admin,password:123456
[2020-08-03T21:55:55.964] [DEBUG] cheese - admin
[2020-08-03T21:55:55.966] [DEBUG] cheese - null
[2020-08-03T21:55:55.966] [DEBUG] cheese - null
[2020-09-19T18:54:48.815] [DEBUG] cheese - login => username:admin,password:123456
[2020-09-19T18:54:48.816] [DEBUG] cheese - admin
[2020-09-19T18:54:48.932] [DEBUG] cheese - null
[2020-09-19T18:54:48.932] [DEBUG] cheese - null
